<?xml version="1.0" encoding="UTF-8"?>
<!-- Generated by org.testng.reporters.JUnitXMLReporter -->
<testsuite ignored="3" hostname="Marwa" failures="1" tests="4" name="android" time="140.207" errors="0" timestamp="2024-12-17T00:49:51 GMT+03:00">
  <testcase classname="com.foodics.base.Base" name="@BeforeClass beforeClass" time="34.38">
    <failure type="org.openqa.selenium.SessionNotCreatedException" message="Could not start a new session. Response code 500. Message: An unknown server-side error occurred while processing the command. Original error: Could not proxy command to remote server. Original error: Error: socket hang up 
Host info: host: &amp;apos;MARWA&amp;apos;, ip: &amp;apos;192.168.1.28&amp;apos;
Build info: version: &amp;apos;4.12.1&amp;apos;, revision: &amp;apos;8e34639b11&amp;apos;
System info: os.name: &amp;apos;Windows 11&amp;apos;, os.arch: &amp;apos;amd64&amp;apos;, os.version: &amp;apos;10.0&amp;apos;, java.version: &amp;apos;23&amp;apos;
Driver info: io.appium.java_client.android.AndroidDriver
Command: [null, newSession {capabilities=[{appium:app=C:\Users\user\eclipse-workspace\FoodicsAutomationTestFramework\src\test\resources\apps\android.wdio.native.app.v1.0.8.apk, appium:automationName=UiAutomator2, appium:deviceName=R5CX80M0H2K, platformName=ANDROID, appium:platformVersion=14}], desiredCapabilities=Capabilities {app: C:\Users\user\eclipse-works..., automationName: UiAutomator2, deviceName: R5CX80M0H2K, platformName: ANDROID, platformVersion: 14}}]
Capabilities {app: C:\Users\user\eclipse-works..., automationName: UiAutomator2, deviceName: R5CX80M0H2K, platformName: ANDROID, platformVersion: 14}">
      <![CDATA[org.openqa.selenium.SessionNotCreatedException: Could not start a new session. Response code 500. Message: An unknown server-side error occurred while processing the command. Original error: Could not proxy command to remote server. Original error: Error: socket hang up 
Host info: host: 'MARWA', ip: '192.168.1.28'
Build info: version: '4.12.1', revision: '8e34639b11'
System info: os.name: 'Windows 11', os.arch: 'amd64', os.version: '10.0', java.version: '23'
Driver info: io.appium.java_client.android.AndroidDriver
Command: [null, newSession {capabilities=[{appium:app=C:\Users\user\eclipse-workspace\FoodicsAutomationTestFramework\src\test\resources\apps\android.wdio.native.app.v1.0.8.apk, appium:automationName=UiAutomator2, appium:deviceName=R5CX80M0H2K, platformName=ANDROID, appium:platformVersion=14}], desiredCapabilities=Capabilities {app: C:\Users\user\eclipse-works..., automationName: UiAutomator2, deviceName: R5CX80M0H2K, platformName: ANDROID, platformVersion: 14}}]
Capabilities {app: C:\Users\user\eclipse-works..., automationName: UiAutomator2, deviceName: R5CX80M0H2K, platformName: ANDROID, platformVersion: 14}
at org.openqa.selenium.remote.ProtocolHandshake.createSession(ProtocolHandshake.java:140)
at io.appium.java_client.remote.AppiumProtocolHandshake.createSession(AppiumProtocolHandshake.java:133)
at io.appium.java_client.remote.AppiumProtocolHandshake.createSession(AppiumProtocolHandshake.java:102)
at io.appium.java_client.remote.AppiumCommandExecutor.createSession(AppiumCommandExecutor.java:182)
at io.appium.java_client.remote.AppiumCommandExecutor.execute(AppiumCommandExecutor.java:250)
at org.openqa.selenium.remote.RemoteWebDriver.execute(RemoteWebDriver.java:602)
at io.appium.java_client.AppiumDriver.startSession(AppiumDriver.java:274)
at org.openqa.selenium.remote.RemoteWebDriver.<init>(RemoteWebDriver.java:163)
at io.appium.java_client.AppiumDriver.<init>(AppiumDriver.java:89)
at io.appium.java_client.AppiumDriver.<init>(AppiumDriver.java:101)
at io.appium.java_client.android.AndroidDriver.<init>(AndroidDriver.java:113)
at com.foodics.base.Base.beforeClass(Base.java:43)
at java.base/java.util.ArrayList.forEach(ArrayList.java:1597)
... Removed 25 stack frames]]>
    </failure>
  </testcase> <!-- @BeforeClass beforeClass -->
  <testcase classname="com.foodics.testcases.SignUpScreenTest" name="testSignUpSuccess" time="23.053"/>
  <testcase classname="com.foodics.testcases.LoginScreenTest" name="testLoginSuccess" time="19.419"/>
  <testcase classname="com.foodics.testcases.FormsScreenTest" name="testFormsSuccess" time="0.0">
    <skipped/>
  </testcase> <!-- testFormsSuccess -->
  <testcase classname="com.foodics.testcases.SwipeScreenTest" name="testSwipeFunctionality" time="12.794">
    <failure type="org.openqa.selenium.WebDriverException" message="An unknown server-side error occurred while processing the command. Original error: Could not proxy command to remote server. Original error: Error: socket hang up
Build info: version: &amp;apos;4.12.1&amp;apos;, revision: &amp;apos;8e34639b11&amp;apos;
System info: os.name: &amp;apos;Windows 11&amp;apos;, os.arch: &amp;apos;amd64&amp;apos;, os.version: &amp;apos;10.0&amp;apos;, java.version: &amp;apos;23&amp;apos;
Driver info: io.appium.java_client.android.AndroidDriver
Command: [c11ca868-44f5-4264-96e3-a9e63ea450c8, clickElement {id=75484c15-2bce-4c9f-beb6-fa35ca3f673d}]
Capabilities {appium:app: C:\Users\user\eclipse-works..., appium:appPackage: com.wdiodemoapp, appium:automationName: UiAutomator2, appium:databaseEnabled: false, appium:desired: {app: C:\Users\user\eclipse-works..., automationName: UiAutomator2, deviceName: R5CX80M0H2K, platformName: ANDROID, platformVersion: 14}, appium:deviceApiLevel: 34, appium:deviceManufacturer: samsung, appium:deviceModel: SM-A256E, appium:deviceName: R5CX80M0H2K, appium:deviceScreenDensity: 420, appium:deviceScreenSize: 1080x2340, appium:deviceUDID: R5CX80M0H2K, appium:javascriptEnabled: true, appium:locationContextEnabled: false, appium:networkConnectionEnabled: true, appium:pixelRatio: 2.625, appium:platformVersion: 14, appium:statBarHeight: 77, appium:takesScreenshot: true, appium:viewportRect: {height: 2060, left: 0, top: 77, width: 1080}, appium:warnings: {}, appium:webStorageEnabled: false, platformName: ANDROID}
Element: [[AndroidDriver:  on ANDROID (c11ca868-44f5-4264-96e3-a9e63ea450c8)] -&amp;gt; xpath: //android.widget.TextView[@text=&amp;apos;Swipe&amp;apos;]]
Session ID: c11ca868-44f5-4264-96e3-a9e63ea450c8">
      <![CDATA[org.openqa.selenium.WebDriverException: An unknown server-side error occurred while processing the command. Original error: Could not proxy command to remote server. Original error: Error: socket hang up
Build info: version: '4.12.1', revision: '8e34639b11'
System info: os.name: 'Windows 11', os.arch: 'amd64', os.version: '10.0', java.version: '23'
Driver info: io.appium.java_client.android.AndroidDriver
Command: [c11ca868-44f5-4264-96e3-a9e63ea450c8, clickElement {id=75484c15-2bce-4c9f-beb6-fa35ca3f673d}]
Capabilities {appium:app: C:\Users\user\eclipse-works..., appium:appPackage: com.wdiodemoapp, appium:automationName: UiAutomator2, appium:databaseEnabled: false, appium:desired: {app: C:\Users\user\eclipse-works..., automationName: UiAutomator2, deviceName: R5CX80M0H2K, platformName: ANDROID, platformVersion: 14}, appium:deviceApiLevel: 34, appium:deviceManufacturer: samsung, appium:deviceModel: SM-A256E, appium:deviceName: R5CX80M0H2K, appium:deviceScreenDensity: 420, appium:deviceScreenSize: 1080x2340, appium:deviceUDID: R5CX80M0H2K, appium:javascriptEnabled: true, appium:locationContextEnabled: false, appium:networkConnectionEnabled: true, appium:pixelRatio: 2.625, appium:platformVersion: 14, appium:statBarHeight: 77, appium:takesScreenshot: true, appium:viewportRect: {height: 2060, left: 0, top: 77, width: 1080}, appium:warnings: {}, appium:webStorageEnabled: false, platformName: ANDROID}
Element: [[AndroidDriver:  on ANDROID (c11ca868-44f5-4264-96e3-a9e63ea450c8)] -> xpath: //android.widget.TextView[@text='Swipe']]
Session ID: c11ca868-44f5-4264-96e3-a9e63ea450c8
at org.openqa.selenium.remote.codec.w3c.W3CHttpResponseCodec.createException(W3CHttpResponseCodec.java:200)
at org.openqa.selenium.remote.codec.w3c.W3CHttpResponseCodec.decode(W3CHttpResponseCodec.java:133)
at org.openqa.selenium.remote.codec.w3c.W3CHttpResponseCodec.decode(W3CHttpResponseCodec.java:52)
at org.openqa.selenium.remote.HttpCommandExecutor.execute(HttpCommandExecutor.java:191)
at io.appium.java_client.remote.AppiumCommandExecutor.execute(AppiumCommandExecutor.java:250)
at org.openqa.selenium.remote.RemoteWebDriver.execute(RemoteWebDriver.java:602)
at org.openqa.selenium.remote.RemoteWebElement.execute(RemoteWebElement.java:224)
at org.openqa.selenium.remote.RemoteWebElement.click(RemoteWebElement.java:77)
at com.foodics.screens.SwipeScreen.navigateToSwipePage(SwipeScreen.java:38)
at com.foodics.screens.SwipeScreen.swipeCarousel(SwipeScreen.java:86)
at com.foodics.testcases.SwipeScreenTest.testSwipeFunctionality(SwipeScreenTest.java:21)
at java.base/java.util.ArrayList.forEach(ArrayList.java:1597)
... Removed 28 stack frames]]>
    </failure>
  </testcase> <!-- testSwipeFunctionality -->
  <testcase classname="com.foodics.base.Base" name="@AfterSuite afterSuite" time="0.0">
    <ignored/>
  </testcase> <!-- @AfterSuite afterSuite -->
  <testcase classname="com.foodics.base.Base" name="@AfterSuite afterSuite" time="0.0">
    <ignored/>
  </testcase> <!-- @AfterSuite afterSuite -->
  <testcase classname="com.foodics.base.Base" name="@AfterSuite afterSuite" time="0.0">
    <ignored/>
  </testcase> <!-- @AfterSuite afterSuite -->
</testsuite> <!-- android -->
