<?xml version="1.0" encoding="UTF-8"?>
<!-- Generated by org.testng.reporters.JUnitXMLReporter -->
<testsuite ignored="3" hostname="Marwa" failures="0" tests="4" name="WdiodemoappTest" time="98.806" errors="0" timestamp="2024-12-17T15:39:01 GMT+03:00">
  <testcase classname="com.foodics.testcases.SignUpScreenTest" name="testSignUpSuccess" time="12.154"/>
  <testcase classname="com.foodics.testcases.LoginScreenTest" name="testLoginSuccess" time="8.34"/>
  <testcase classname="com.foodics.testcases.FormsScreenTest" name="testFormsSuccess" time="11.259"/>
  <testcase classname="com.foodics.testcases.SwipeScreenTest" name="testSwipeFunctionality" time="6.721"/>
  <testcase classname="com.foodics.base.Base" name="@AfterSuite afterSuite" time="0.0">
    <ignored/>
  </testcase> <!-- @AfterSuite afterSuite -->
  <testcase classname="com.foodics.base.Base" name="@AfterSuite afterSuite" time="0.0">
    <ignored/>
  </testcase> <!-- @AfterSuite afterSuite -->
  <testcase classname="com.foodics.base.Base" name="@AfterSuite afterSuite" time="0.0">
    <ignored/>
  </testcase> <!-- @AfterSuite afterSuite -->
</testsuite> <!-- WdiodemoappTest -->
