<?xml version="1.0" encoding="UTF-8"?>
<testng-results ignored="0" total="4" passed="4" failed="0" skipped="0">
  <reporter-output>
  </reporter-output>
  <suite started-at="2024-12-17T15:37:22 GMT+03:00" name="Wdiodemoapp" finished-at="2024-12-17T15:39:01 GMT+03:00" duration-ms="98806">
    <groups>
    </groups>
    <test started-at="2024-12-17T15:37:22 GMT+03:00" name="WdiodemoappTest" finished-at="2024-12-17T15:39:01 GMT+03:00" duration-ms="98806">
      <class name="com.foodics.testcases.SwipeScreenTest">
        <test-method is-config="true" signature="beforeClass(java.lang.String,java.lang.String,java.lang.String)[pri:0, instance:com.foodics.testcases.SwipeScreenTest@49e5f737]" started-at="2024-12-17T15:38:38 GMT+03:00" name="beforeClass" finished-at="2024-12-17T15:38:54 GMT+03:00" duration-ms="16105" status="PASS">
          <params>
            <param index="0">
              <value>
                <![CDATA[R5CX80M0H2K]]>
              </value>
            </param>
            <param index="1">
              <value>
                <![CDATA[Android]]>
              </value>
            </param>
            <param index="2">
              <value>
                <![CDATA[14]]>
              </value>
            </param>
          </params>
          <reporter-output>
          </reporter-output>
        </test-method> <!-- beforeClass -->
        <test-method signature="testSwipeFunctionality()[pri:0, instance:com.foodics.testcases.SwipeScreenTest@49e5f737]" started-at="2024-12-17T15:38:54 GMT+03:00" name="testSwipeFunctionality" finished-at="2024-12-17T15:39:01 GMT+03:00" duration-ms="6721" status="PASS">
          <reporter-output>
          </reporter-output>
        </test-method> <!-- testSwipeFunctionality -->
      </class> <!-- com.foodics.testcases.SwipeScreenTest -->
      <class name="com.foodics.testcases.LoginScreenTest">
        <test-method is-config="true" signature="beforeClass(java.lang.String,java.lang.String,java.lang.String)[pri:0, instance:com.foodics.testcases.LoginScreenTest@1757cd72]" started-at="2024-12-17T15:37:49 GMT+03:00" name="beforeClass" finished-at="2024-12-17T15:38:04 GMT+03:00" duration-ms="14387" status="PASS">
          <params>
            <param index="0">
              <value>
                <![CDATA[R5CX80M0H2K]]>
              </value>
            </param>
            <param index="1">
              <value>
                <![CDATA[Android]]>
              </value>
            </param>
            <param index="2">
              <value>
                <![CDATA[14]]>
              </value>
            </param>
          </params>
          <reporter-output>
          </reporter-output>
        </test-method> <!-- beforeClass -->
        <test-method signature="testLoginSuccess(java.lang.String,java.lang.String)[pri:0, instance:com.foodics.testcases.LoginScreenTest@1757cd72]" started-at="2024-12-17T15:38:04 GMT+03:00" name="testLoginSuccess" data-provider="test_data" finished-at="2024-12-17T15:38:12 GMT+03:00" duration-ms="8340" status="PASS">
          <params>
            <param index="0">
              <value>
                <![CDATA[testuser1@example.com]]>
              </value>
            </param>
            <param index="1">
              <value>
                <![CDATA[Test@123]]>
              </value>
            </param>
          </params>
          <reporter-output>
          </reporter-output>
        </test-method> <!-- testLoginSuccess -->
      </class> <!-- com.foodics.testcases.LoginScreenTest -->
      <class name="com.foodics.testcases.SignUpScreenTest">
        <test-method is-config="true" signature="beforeClass(java.lang.String,java.lang.String,java.lang.String)[pri:0, instance:com.foodics.testcases.SignUpScreenTest@f79e]" started-at="2024-12-17T15:37:22 GMT+03:00" name="beforeClass" finished-at="2024-12-17T15:37:37 GMT+03:00" duration-ms="14389" status="PASS">
          <params>
            <param index="0">
              <value>
                <![CDATA[R5CX80M0H2K]]>
              </value>
            </param>
            <param index="1">
              <value>
                <![CDATA[Android]]>
              </value>
            </param>
            <param index="2">
              <value>
                <![CDATA[14]]>
              </value>
            </param>
          </params>
          <reporter-output>
          </reporter-output>
        </test-method> <!-- beforeClass -->
        <test-method signature="testSignUpSuccess(java.lang.String,java.lang.String)[pri:0, instance:com.foodics.testcases.SignUpScreenTest@f79e]" started-at="2024-12-17T15:37:37 GMT+03:00" name="testSignUpSuccess" data-provider="test_data" finished-at="2024-12-17T15:37:49 GMT+03:00" duration-ms="12154" status="PASS">
          <params>
            <param index="0">
              <value>
                <![CDATA[testuser1@example.com]]>
              </value>
            </param>
            <param index="1">
              <value>
                <![CDATA[Test@123]]>
              </value>
            </param>
          </params>
          <reporter-output>
          </reporter-output>
        </test-method> <!-- testSignUpSuccess -->
        <test-method is-config="true" signature="afterSuite()[pri:0, instance:com.foodics.testcases.SignUpScreenTest@f79e]" started-at="2024-12-17T15:39:01 GMT+03:00" name="afterSuite" finished-at="2024-12-17T15:39:02 GMT+03:00" duration-ms="522" status="PASS">
          <reporter-output>
          </reporter-output>
        </test-method> <!-- afterSuite -->
      </class> <!-- com.foodics.testcases.SignUpScreenTest -->
      <class name="com.foodics.testcases.FormsScreenTest">
        <test-method is-config="true" signature="beforeClass(java.lang.String,java.lang.String,java.lang.String)[pri:0, instance:com.foodics.testcases.FormsScreenTest@445b295b]" started-at="2024-12-17T15:38:12 GMT+03:00" name="beforeClass" finished-at="2024-12-17T15:38:27 GMT+03:00" duration-ms="14938" status="PASS">
          <params>
            <param index="0">
              <value>
                <![CDATA[R5CX80M0H2K]]>
              </value>
            </param>
            <param index="1">
              <value>
                <![CDATA[Android]]>
              </value>
            </param>
            <param index="2">
              <value>
                <![CDATA[14]]>
              </value>
            </param>
          </params>
          <reporter-output>
          </reporter-output>
        </test-method> <!-- beforeClass -->
        <test-method signature="testFormsSuccess()[pri:0, instance:com.foodics.testcases.FormsScreenTest@445b295b]" started-at="2024-12-17T15:38:27 GMT+03:00" name="testFormsSuccess" finished-at="2024-12-17T15:38:38 GMT+03:00" duration-ms="11259" status="PASS">
          <reporter-output>
          </reporter-output>
        </test-method> <!-- testFormsSuccess -->
      </class> <!-- com.foodics.testcases.FormsScreenTest -->
    </test> <!-- WdiodemoappTest -->
  </suite> <!-- Wdiodemoapp -->
</testng-results>
